<html xmlns:math="http://exslt.org/math" xmlns:testng="http://testng.org">
   <head>
      <title>TestNG Results</title>
      <meta http-equiv="content-type" content="text/html; charset=utf-8"></meta>
      <meta http-equiv="pragma" content="no-cache"></meta>
      <meta http-equiv="cache-control" content="max-age=0"></meta>
      <meta http-equiv="cache-control" content="no-cache"></meta>
      <meta http-equiv="cache-control" content="no-store"></meta>
      <LINK rel="stylesheet" href="style.css"></LINK>
      <script type="text/javascript" src="main.js"></script>
   </head>
   <body>
      <table width="100%" style="font-size: 16px; margin-bottom: 10px;" cellspacing="1">
         <tr>
            <td width="100%">
               All methods in suite
               
               <b>Suite</b>
            </td>
            <td style="background-color: #FFBBBB; padding: 3px 3px 3px 0;" align="center">
               <div style="width: 50px;">0</div>
            </td>
            <td style="background-color: lightgreen; padding: 3px 3px 3px 0;" align="center">
               <div style="width: 50px;">1</div>
            </td>
            <td style="background-color: #FFFFBB; padding: 3px 3px 3px 0;" align="center">
               <div style="width: 50px;">2</div>
            </td>
            <td align="center" style="background-color: #eaf0f7; padding: 3px 3px 3px 0;">
               <div style="width: 50px;">3</div>
            </td>
            <td align="center"
                style="font-weight: bold; background-color: #eaf0f7; padding: 3px 3px 3px 0;">
               <div style="width: 50px;">33%</div>
            </td>
            <td style="background-color: #eaf0f7; padding: 3px 3px 3px 0;" align="center"
                nowrap="true">44s
               
            </td>
         </tr>
      </table>
      <div style="width: 200px;">
         <label for="groupMethodsCheckBox" style="font-weight: bold; margin: 0;">
            <input id="groupMethodsCheckBox" type="checkbox" onclick="switchTestMethodsView(this)"></input>
            Group by class
            
         </label>
         <br></br>
         <label for="methodsFilter_ALL" style="font-weight: bold; margin: 0;">
            <input id="methodsFilter_ALL" type="checkbox"
                   onclick="testMethodsFilterChanged(this, 'ALL')"></input>
            All
            
         </label>
      </div>
      <label for="methodsFilter_FAIL" style="margin-left: 20px;">
         <input id="methodsFilter_FAIL" type="checkbox"
                onclick="testMethodsFilterChanged(this, 'FAIL')"
                checked=""></input>
         Failed
         
      </label>
      <label for="methodsFilter_PASS">
         <input id="methodsFilter_PASS" type="checkbox"
                onclick="testMethodsFilterChanged(this, 'PASS')"
                checked=""></input>
         Passed
         
      </label>
      <label for="methodsFilter_SKIP">
         <input id="methodsFilter_SKIP" type="checkbox"
                onclick="testMethodsFilterChanged(this, 'SKIP')"
                checked=""></input>
         Skipped
         
      </label>
      <label for="methodsFilter_CONF">
         <input id="methodsFilter_CONF" type="checkbox"
                onclick="testMethodsFilterChanged(this, 'CONF')"></input>
         Config
         
      </label>
      <br></br>
      <div id="testMethodsByStatus">
         <table class="testMethodsTable" cellpadding="0" cellspacing="0">
            <tr class="methodsTableHeader">
               <td width="100%">Name</td>
               <td nowrap="true">Started</td>
               <td nowrap="true">Duration</td>
               <td>Exception</td>
            </tr>
            <tr id="Calc_PMI.DDF_MortgageCalc_inti_byStatus_passed_PASS1_row"
                class="testMethodStatusPASS testMethodStatusCONF">
               <td width="100%" class="firstMethodCell">
                  <a onclick="toggleDetailsVisibility('Calc_PMI.DDF_MortgageCalc_inti_byStatus_passed_PASS1_details')">inti()</a>
               </td>
               <td nowrap="true">19:23:59</td>
               <td nowrap="true" align="right">236 ms
                  
               </td>
               <td nowrap="true">
                   
                  
               </td>
            </tr>
            <tr>
               <td colspan="4" class="detailsBox">
                  <div id="Calc_PMI.DDF_MortgageCalc_inti_byStatus_passed_PASS1_details"
                       class="testMethodDetails">
                     <div>
                        <b>Name: </b>inti
                     </div>
                     <div>
                        <b>Signature: </b>inti()[pri:0, instance:Calc_PMI.DDF_MortgageCalc@5442a311]
                     </div>
                     <div>
                        <b>Start time: </b>19:23:59
                     </div>
                     <div>
                        <b>End time: </b>19:23:59
                     </div>
                     <div>
                        <b>Duration: </b>236 ms
                        
                     </div>
                  </div>
               </td>
            </tr>
            <tr></tr>
            <tr id="Calc_PMI.DDF_MortgageCalc_calc_byStatus_passed_PASS2_row"
                class="testMethodStatusPASS">
               <td width="100%" class="firstMethodCell">
                  <a onclick="toggleDetailsVisibility('Calc_PMI.DDF_MortgageCalc_calc_byStatus_passed_PASS2_details')">calc()</a>
               </td>
               <td nowrap="true">19:23:59</td>
               <td nowrap="true" align="right">43s
                  
               </td>
               <td nowrap="true">
                   
                  
               </td>
            </tr>
            <tr>
               <td colspan="4" class="detailsBox">
                  <div id="Calc_PMI.DDF_MortgageCalc_calc_byStatus_passed_PASS2_details"
                       class="testMethodDetails">
                     <div>
                        <b>Name: </b>calc
                     </div>
                     <div>
                        <b>Signature: </b>calc()[pri:0, instance:Calc_PMI.DDF_MortgageCalc@5442a311]
                     </div>
                     <div>
                        <b>Start time: </b>19:23:59
                     </div>
                     <div>
                        <b>End time: </b>19:24:41
                     </div>
                     <div>
                        <b>Duration: </b>43s
                        
                     </div>
                  </div>
               </td>
            </tr>
            <tr></tr>
            <tr id="Calc_PMI.DDF_MortgageCalc_tearDown_byStatus_passed_PASS3_row"
                class="testMethodStatusPASS testMethodStatusCONF">
               <td width="100%" class="firstMethodCell">
                  <a onclick="toggleDetailsVisibility('Calc_PMI.DDF_MortgageCalc_tearDown_byStatus_passed_PASS3_details')">tearDown()</a>
               </td>
               <td nowrap="true">19:24:41</td>
               <td nowrap="true" align="right">1s
                  
               </td>
               <td nowrap="true">
                   
                  
               </td>
            </tr>
            <tr>
               <td colspan="4" class="detailsBox">
                  <div id="Calc_PMI.DDF_MortgageCalc_tearDown_byStatus_passed_PASS3_details"
                       class="testMethodDetails">
                     <div>
                        <b>Name: </b>tearDown
                     </div>
                     <div>
                        <b>Signature: </b>tearDown()[pri:0, instance:Calc_PMI.DDF_MortgageCalc@5442a311]
                     </div>
                     <div>
                        <b>Start time: </b>19:24:41
                     </div>
                     <div>
                        <b>End time: </b>19:24:43
                     </div>
                     <div>
                        <b>Duration: </b>1s
                        
                     </div>
                  </div>
               </td>
            </tr>
            <tr></tr>
            <tr id="Calc_PMI.DDF_MortgageCalc_writeXL_byStatus_skiped_SKIP1_row"
                class="testMethodStatusSKIP">
               <td width="100%" class="firstMethodCell">
                  <a onclick="toggleDetailsVisibility('Calc_PMI.DDF_MortgageCalc_writeXL_byStatus_skiped_SKIP1_details')">writeXL()</a>
               </td>
               <td nowrap="true">19:24:41</td>
               <td nowrap="true" align="right">0 ms
                  
               </td>
               <td nowrap="true">
                  <a onclick="toggleDetailsVisibility('Calc_PMI.DDF_MortgageCalc_writeXL_byStatus_skiped_SKIP1_exception')">org.testng.TestNGException: 
                     
                     Method writeXL requires 3 parameters but 0 were supplied in the @Test annotation.
                     
                  </a>
                   
                  
               </td>
            </tr>
            <tr>
               <td colspan="4" class="detailsBox">
                  <div id="Calc_PMI.DDF_MortgageCalc_writeXL_byStatus_skiped_SKIP1_details"
                       class="testMethodDetails">
                     <div>
                        <b>Name: </b>writeXL
                     </div>
                     <div>
                        <b>Signature: </b>writeXL(java.lang.String, java.lang.String, [[Ljava.lang.String;)[pri:0, instance:Calc_PMI.DDF_MortgageCalc@5442a311]
                     </div>
                     <div>
                        <b>Start time: </b>19:24:41
                     </div>
                     <div>
                        <b>End time: </b>19:24:41
                     </div>
                     <div>
                        <b>Duration: </b>0 ms
                        
                     </div>
                  </div>
               </td>
            </tr>
            <tr>
               <td colspan="4" class="detailsBox">
                  <div id="Calc_PMI.DDF_MortgageCalc_writeXL_byStatus_skiped_SKIP1_exception"
                       class="testMethodDetails">
                     <pre style="padding: 5px; margin: 0;">org.testng.TestNGException: 
                        Method writeXL requires 3 parameters but 0 were supplied in the @Test annotation.
                        	at org.testng.internal.Parameters.checkParameterTypes(Parameters.java:191)
                        	at org.testng.internal.Parameters.createParameters(Parameters.java:127)
                        	at org.testng.internal.Parameters.createParameters(Parameters.java:376)
                        	at org.testng.internal.Parameters.handleParameters(Parameters.java:451)
                        	at org.testng.internal.Invoker.handleParameters(Invoker.java:1270)
                        	at org.testng.internal.Invoker.createParameters(Invoker.java:985)
                        	at org.testng.internal.Invoker.invokeTestMethods(Invoker.java:1075)
                        	at org.testng.internal.TestMethodWorker.invokeTestMethods(TestMethodWorker.java:125)
                        	at org.testng.internal.TestMethodWorker.run(TestMethodWorker.java:108)
                        	at org.testng.TestRunner.privateRun(TestRunner.java:774)
                        	at org.testng.TestRunner.run(TestRunner.java:624)
                        	at org.testng.SuiteRunner.runTest(SuiteRunner.java:359)
                        	at org.testng.SuiteRunner.runSequentially(SuiteRunner.java:354)
                        	at org.testng.SuiteRunner.privateRun(SuiteRunner.java:312)
                        	at org.testng.SuiteRunner.run(SuiteRunner.java:261)
                        	at org.testng.SuiteRunnerWorker.runSuite(SuiteRunnerWorker.java:52)
                        	at org.testng.SuiteRunnerWorker.run(SuiteRunnerWorker.java:86)
                        	at org.testng.TestNG.runSuitesSequentially(TestNG.java:1215)
                        	at org.testng.TestNG.runSuitesLocally(TestNG.java:1140)
                        	at org.testng.TestNG.run(TestNG.java:1048)
                        	at org.testng.TestNG.privateMain(TestNG.java:1355)
                        	at org.testng.TestNG.main(TestNG.java:1324)
                     </pre>
                  </div>
               </td>
            </tr>
            <tr id="ReadWriteExcel.ReadWriteExccel_writeXL_byStatus_skiped_SKIP2_row"
                class="testMethodStatusSKIP">
               <td width="100%" class="firstMethodCell">
                  <a onclick="toggleDetailsVisibility('ReadWriteExcel.ReadWriteExccel_writeXL_byStatus_skiped_SKIP2_details')">writeXL()</a>
               </td>
               <td nowrap="true">19:24:41</td>
               <td nowrap="true" align="right">0 ms
                  
               </td>
               <td nowrap="true">
                  <a onclick="toggleDetailsVisibility('ReadWriteExcel.ReadWriteExccel_writeXL_byStatus_skiped_SKIP2_exception')">org.testng.TestNGException: 
                     
                     Method writeXL requires 3 parameters but 0 were supplied in the @Test annotation.
                     
                  </a>
                   
                  
               </td>
            </tr>
            <tr>
               <td colspan="4" class="detailsBox">
                  <div id="ReadWriteExcel.ReadWriteExccel_writeXL_byStatus_skiped_SKIP2_details"
                       class="testMethodDetails">
                     <div>
                        <b>Name: </b>writeXL
                     </div>
                     <div>
                        <b>Signature: </b>writeXL(java.lang.String, java.lang.String, [[Ljava.lang.String;)[pri:0, instance:ReadWriteExcel.ReadWriteExccel@548e7350]
                     </div>
                     <div>
                        <b>Start time: </b>19:24:41
                     </div>
                     <div>
                        <b>End time: </b>19:24:41
                     </div>
                     <div>
                        <b>Duration: </b>0 ms
                        
                     </div>
                  </div>
               </td>
            </tr>
            <tr>
               <td colspan="4" class="detailsBox">
                  <div id="ReadWriteExcel.ReadWriteExccel_writeXL_byStatus_skiped_SKIP2_exception"
                       class="testMethodDetails">
                     <pre style="padding: 5px; margin: 0;">org.testng.TestNGException: 
                        Method writeXL requires 3 parameters but 0 were supplied in the @Test annotation.
                        	at org.testng.internal.Parameters.checkParameterTypes(Parameters.java:191)
                        	at org.testng.internal.Parameters.createParameters(Parameters.java:127)
                        	at org.testng.internal.Parameters.createParameters(Parameters.java:376)
                        	at org.testng.internal.Parameters.handleParameters(Parameters.java:451)
                        	at org.testng.internal.Invoker.handleParameters(Invoker.java:1270)
                        	at org.testng.internal.Invoker.createParameters(Invoker.java:985)
                        	at org.testng.internal.Invoker.invokeTestMethods(Invoker.java:1075)
                        	at org.testng.internal.TestMethodWorker.invokeTestMethods(TestMethodWorker.java:125)
                        	at org.testng.internal.TestMethodWorker.run(TestMethodWorker.java:108)
                        	at org.testng.TestRunner.privateRun(TestRunner.java:774)
                        	at org.testng.TestRunner.run(TestRunner.java:624)
                        	at org.testng.SuiteRunner.runTest(SuiteRunner.java:359)
                        	at org.testng.SuiteRunner.runSequentially(SuiteRunner.java:354)
                        	at org.testng.SuiteRunner.privateRun(SuiteRunner.java:312)
                        	at org.testng.SuiteRunner.run(SuiteRunner.java:261)
                        	at org.testng.SuiteRunnerWorker.runSuite(SuiteRunnerWorker.java:52)
                        	at org.testng.SuiteRunnerWorker.run(SuiteRunnerWorker.java:86)
                        	at org.testng.TestNG.runSuitesSequentially(TestNG.java:1215)
                        	at org.testng.TestNG.runSuitesLocally(TestNG.java:1140)
                        	at org.testng.TestNG.run(TestNG.java:1048)
                        	at org.testng.TestNG.privateMain(TestNG.java:1355)
                        	at org.testng.TestNG.main(TestNG.java:1324)
                     </pre>
                  </div>
               </td>
            </tr>
         </table>
      </div>
      <div id="testMethodsByClass" style="display: none;">
         <table class="testMethodsTable" cellpadding="0" cellspacing="0">
            <tr>
               <td colspan="4">
                  <h3 style="display: inline;">Calc_PMI.DDF_MortgageCalc</h3>
               </td>
            </tr>
            <tr class="methodsTableHeader">
               <td width="100%">Name</td>
               <td nowrap="true">Started</td>
               <td nowrap="true">Duration</td>
               <td>Exception</td>
            </tr>
            <tr id="Calc_PMI.DDF_MortgageCalc_inti_byClass_PASS1_row"
                class="testMethodStatusPASS testMethodStatusCONF">
               <td width="100%" class="firstMethodCell">
                  <a onclick="toggleDetailsVisibility('Calc_PMI.DDF_MortgageCalc_inti_byClass_PASS1_details')">inti()</a>
               </td>
               <td nowrap="true">19:23:59</td>
               <td nowrap="true" align="right">236 ms
                  
               </td>
               <td nowrap="true">
                   
                  
               </td>
            </tr>
            <tr>
               <td colspan="4" class="detailsBox">
                  <div id="Calc_PMI.DDF_MortgageCalc_inti_byClass_PASS1_details"
                       class="testMethodDetails">
                     <div>
                        <b>Name: </b>inti
                     </div>
                     <div>
                        <b>Signature: </b>inti()[pri:0, instance:Calc_PMI.DDF_MortgageCalc@5442a311]
                     </div>
                     <div>
                        <b>Start time: </b>19:23:59
                     </div>
                     <div>
                        <b>End time: </b>19:23:59
                     </div>
                     <div>
                        <b>Duration: </b>236 ms
                        
                     </div>
                  </div>
               </td>
            </tr>
            <tr></tr>
            <tr id="Calc_PMI.DDF_MortgageCalc_calc_byClass_PASS2_row"
                class="testMethodStatusPASS">
               <td width="100%" class="firstMethodCell">
                  <a onclick="toggleDetailsVisibility('Calc_PMI.DDF_MortgageCalc_calc_byClass_PASS2_details')">calc()</a>
               </td>
               <td nowrap="true">19:23:59</td>
               <td nowrap="true" align="right">43s
                  
               </td>
               <td nowrap="true">
                   
                  
               </td>
            </tr>
            <tr>
               <td colspan="4" class="detailsBox">
                  <div id="Calc_PMI.DDF_MortgageCalc_calc_byClass_PASS2_details"
                       class="testMethodDetails">
                     <div>
                        <b>Name: </b>calc
                     </div>
                     <div>
                        <b>Signature: </b>calc()[pri:0, instance:Calc_PMI.DDF_MortgageCalc@5442a311]
                     </div>
                     <div>
                        <b>Start time: </b>19:23:59
                     </div>
                     <div>
                        <b>End time: </b>19:24:41
                     </div>
                     <div>
                        <b>Duration: </b>43s
                        
                     </div>
                  </div>
               </td>
            </tr>
            <tr></tr>
            <tr id="Calc_PMI.DDF_MortgageCalc_writeXL_byClass_SKIP3_row"
                class="testMethodStatusSKIP">
               <td width="100%" class="firstMethodCell">
                  <a onclick="toggleDetailsVisibility('Calc_PMI.DDF_MortgageCalc_writeXL_byClass_SKIP3_details')">writeXL()</a>
               </td>
               <td nowrap="true">19:24:41</td>
               <td nowrap="true" align="right">0 ms
                  
               </td>
               <td nowrap="true">
                  <a onclick="toggleDetailsVisibility('Calc_PMI.DDF_MortgageCalc_writeXL_byClass_SKIP3_exception')">org.testng.TestNGException: 
                     
                     Method writeXL requires 3 parameters but 0 were supplied in the @Test annotation.
                     
                  </a>
                   
                  
               </td>
            </tr>
            <tr>
               <td colspan="4" class="detailsBox">
                  <div id="Calc_PMI.DDF_MortgageCalc_writeXL_byClass_SKIP3_details"
                       class="testMethodDetails">
                     <div>
                        <b>Name: </b>writeXL
                     </div>
                     <div>
                        <b>Signature: </b>writeXL(java.lang.String, java.lang.String, [[Ljava.lang.String;)[pri:0, instance:Calc_PMI.DDF_MortgageCalc@5442a311]
                     </div>
                     <div>
                        <b>Start time: </b>19:24:41
                     </div>
                     <div>
                        <b>End time: </b>19:24:41
                     </div>
                     <div>
                        <b>Duration: </b>0 ms
                        
                     </div>
                  </div>
               </td>
            </tr>
            <tr>
               <td colspan="4" class="detailsBox">
                  <div id="Calc_PMI.DDF_MortgageCalc_writeXL_byClass_SKIP3_exception"
                       class="testMethodDetails">
                     <pre style="padding: 5px; margin: 0;">org.testng.TestNGException: 
                        Method writeXL requires 3 parameters but 0 were supplied in the @Test annotation.
                        	at org.testng.internal.Parameters.checkParameterTypes(Parameters.java:191)
                        	at org.testng.internal.Parameters.createParameters(Parameters.java:127)
                        	at org.testng.internal.Parameters.createParameters(Parameters.java:376)
                        	at org.testng.internal.Parameters.handleParameters(Parameters.java:451)
                        	at org.testng.internal.Invoker.handleParameters(Invoker.java:1270)
                        	at org.testng.internal.Invoker.createParameters(Invoker.java:985)
                        	at org.testng.internal.Invoker.invokeTestMethods(Invoker.java:1075)
                        	at org.testng.internal.TestMethodWorker.invokeTestMethods(TestMethodWorker.java:125)
                        	at org.testng.internal.TestMethodWorker.run(TestMethodWorker.java:108)
                        	at org.testng.TestRunner.privateRun(TestRunner.java:774)
                        	at org.testng.TestRunner.run(TestRunner.java:624)
                        	at org.testng.SuiteRunner.runTest(SuiteRunner.java:359)
                        	at org.testng.SuiteRunner.runSequentially(SuiteRunner.java:354)
                        	at org.testng.SuiteRunner.privateRun(SuiteRunner.java:312)
                        	at org.testng.SuiteRunner.run(SuiteRunner.java:261)
                        	at org.testng.SuiteRunnerWorker.runSuite(SuiteRunnerWorker.java:52)
                        	at org.testng.SuiteRunnerWorker.run(SuiteRunnerWorker.java:86)
                        	at org.testng.TestNG.runSuitesSequentially(TestNG.java:1215)
                        	at org.testng.TestNG.runSuitesLocally(TestNG.java:1140)
                        	at org.testng.TestNG.run(TestNG.java:1048)
                        	at org.testng.TestNG.privateMain(TestNG.java:1355)
                        	at org.testng.TestNG.main(TestNG.java:1324)
                     </pre>
                  </div>
               </td>
            </tr>
            <tr id="Calc_PMI.DDF_MortgageCalc_tearDown_byClass_PASS4_row"
                class="testMethodStatusPASS testMethodStatusCONF">
               <td width="100%" class="firstMethodCell">
                  <a onclick="toggleDetailsVisibility('Calc_PMI.DDF_MortgageCalc_tearDown_byClass_PASS4_details')">tearDown()</a>
               </td>
               <td nowrap="true">19:24:41</td>
               <td nowrap="true" align="right">1s
                  
               </td>
               <td nowrap="true">
                   
                  
               </td>
            </tr>
            <tr>
               <td colspan="4" class="detailsBox">
                  <div id="Calc_PMI.DDF_MortgageCalc_tearDown_byClass_PASS4_details"
                       class="testMethodDetails">
                     <div>
                        <b>Name: </b>tearDown
                     </div>
                     <div>
                        <b>Signature: </b>tearDown()[pri:0, instance:Calc_PMI.DDF_MortgageCalc@5442a311]
                     </div>
                     <div>
                        <b>Start time: </b>19:24:41
                     </div>
                     <div>
                        <b>End time: </b>19:24:43
                     </div>
                     <div>
                        <b>Duration: </b>1s
                        
                     </div>
                  </div>
               </td>
            </tr>
            <tr></tr>
         </table>
         <br></br>
         <table class="testMethodsTable" cellpadding="0" cellspacing="0">
            <tr>
               <td colspan="4">
                  <h3 style="display: inline;">ReadWriteExcel.ReadWriteExccel</h3>
               </td>
            </tr>
            <tr class="methodsTableHeader">
               <td width="100%">Name</td>
               <td nowrap="true">Started</td>
               <td nowrap="true">Duration</td>
               <td>Exception</td>
            </tr>
            <tr id="ReadWriteExcel.ReadWriteExccel_writeXL_byClass_SKIP1_row"
                class="testMethodStatusSKIP">
               <td width="100%" class="firstMethodCell">
                  <a onclick="toggleDetailsVisibility('ReadWriteExcel.ReadWriteExccel_writeXL_byClass_SKIP1_details')">writeXL()</a>
               </td>
               <td nowrap="true">19:24:41</td>
               <td nowrap="true" align="right">0 ms
                  
               </td>
               <td nowrap="true">
                  <a onclick="toggleDetailsVisibility('ReadWriteExcel.ReadWriteExccel_writeXL_byClass_SKIP1_exception')">org.testng.TestNGException: 
                     
                     Method writeXL requires 3 parameters but 0 were supplied in the @Test annotation.
                     
                  </a>
                   
                  
               </td>
            </tr>
            <tr>
               <td colspan="4" class="detailsBox">
                  <div id="ReadWriteExcel.ReadWriteExccel_writeXL_byClass_SKIP1_details"
                       class="testMethodDetails">
                     <div>
                        <b>Name: </b>writeXL
                     </div>
                     <div>
                        <b>Signature: </b>writeXL(java.lang.String, java.lang.String, [[Ljava.lang.String;)[pri:0, instance:ReadWriteExcel.ReadWriteExccel@548e7350]
                     </div>
                     <div>
                        <b>Start time: </b>19:24:41
                     </div>
                     <div>
                        <b>End time: </b>19:24:41
                     </div>
                     <div>
                        <b>Duration: </b>0 ms
                        
                     </div>
                  </div>
               </td>
            </tr>
            <tr>
               <td colspan="4" class="detailsBox">
                  <div id="ReadWriteExcel.ReadWriteExccel_writeXL_byClass_SKIP1_exception"
                       class="testMethodDetails">
                     <pre style="padding: 5px; margin: 0;">org.testng.TestNGException: 
                        Method writeXL requires 3 parameters but 0 were supplied in the @Test annotation.
                        	at org.testng.internal.Parameters.checkParameterTypes(Parameters.java:191)
                        	at org.testng.internal.Parameters.createParameters(Parameters.java:127)
                        	at org.testng.internal.Parameters.createParameters(Parameters.java:376)
                        	at org.testng.internal.Parameters.handleParameters(Parameters.java:451)
                        	at org.testng.internal.Invoker.handleParameters(Invoker.java:1270)
                        	at org.testng.internal.Invoker.createParameters(Invoker.java:985)
                        	at org.testng.internal.Invoker.invokeTestMethods(Invoker.java:1075)
                        	at org.testng.internal.TestMethodWorker.invokeTestMethods(TestMethodWorker.java:125)
                        	at org.testng.internal.TestMethodWorker.run(TestMethodWorker.java:108)
                        	at org.testng.TestRunner.privateRun(TestRunner.java:774)
                        	at org.testng.TestRunner.run(TestRunner.java:624)
                        	at org.testng.SuiteRunner.runTest(SuiteRunner.java:359)
                        	at org.testng.SuiteRunner.runSequentially(SuiteRunner.java:354)
                        	at org.testng.SuiteRunner.privateRun(SuiteRunner.java:312)
                        	at org.testng.SuiteRunner.run(SuiteRunner.java:261)
                        	at org.testng.SuiteRunnerWorker.runSuite(SuiteRunnerWorker.java:52)
                        	at org.testng.SuiteRunnerWorker.run(SuiteRunnerWorker.java:86)
                        	at org.testng.TestNG.runSuitesSequentially(TestNG.java:1215)
                        	at org.testng.TestNG.runSuitesLocally(TestNG.java:1140)
                        	at org.testng.TestNG.run(TestNG.java:1048)
                        	at org.testng.TestNG.privateMain(TestNG.java:1355)
                        	at org.testng.TestNG.main(TestNG.java:1324)
                     </pre>
                  </div>
               </td>
            </tr>
         </table>
         <br></br>
      </div>
      <div style="margin-top: 15px; color: gray; text-align: center; font-size: 9px;">
         Generated with
         
         <a href="http://code.google.com/p/testng-xslt/" style="color: #8888aa;"
            target="_blank">
            TestNG XSLT
            
         </a>
      </div>
   </body>
</html>