<?xml version="1.0" encoding="UTF-8"?>
<!-- Generated by org.testng.reporters.JUnitXMLReporter -->
<testsuite hostname="Amol" name="Test" tests="3" failures="0" timestamp="24 Feb 2017 13:54:43 GMT" time="44.253" errors="0">
  <testcase name="calc" time="42.604" classname="Calc_PMI.DDF_MortgageCalc"/>
  <testcase name="writeXL" time="0.0" classname="Calc_PMI.DDF_MortgageCalc">
    <skipped/>
  </testcase> <!-- writeXL -->
  <testcase name="writeXL" time="0.0" classname="ReadWriteExcel.ReadWriteExccel">
    <skipped/>
  </testcase> <!-- writeXL -->
</testsuite> <!-- Test -->
